<?xml version="1.0" encoding="UTF-8"?>
<!-- Generated by org.testng.reporters.JUnitReportReporter -->
<testsuite hostname="LAPTOP-9A2GR1O3" failures="0" tests="1" name="Test.FbLoginTest" time="5.468" errors="0" timestamp="2023-01-25T14:29:05 IST" skipped="0">
  <testcase classname="Test.FbLoginTest" name="testlogin" time="5.468"/>
  <system-out/>
</testsuite> <!-- Test.FbLoginTest -->
