<?xml version="1.0" encoding="UTF-8"?>
<!-- Generated by org.testng.reporters.JUnitReportReporter -->
<testsuite hostname="LAPTOP-9A2GR1O3" failures="0" tests="1" name="testngpkg.Program1" time="23.299" errors="0" timestamp="2023-01-19T09:45:32 IST" skipped="0">
  <testcase classname="testngpkg.Program1" name="test1" time="23.299"/>
  <system-out/>
</testsuite> <!-- testngpkg.Program1 -->
