<?xml version="1.0" encoding="UTF-8"?>
<!-- Generated by org.testng.reporters.JUnitReportReporter -->
<testsuite hostname="LAPTOP-9A2GR1O3" failures="0" tests="1" name="testngpkg.Fileuploadwrdtopdf" time="13.067" errors="0" timestamp="2023-01-24T08:09:14 IST" skipped="0">
  <testcase classname="testngpkg.Fileuploadwrdtopdf" name="test1" time="13.067"/>
  <system-out/>
</testsuite> <!-- testngpkg.Fileuploadwrdtopdf -->
