<?xml version="1.0" encoding="UTF-8"?>
<!-- Generated by org.testng.reporters.JUnitReportReporter -->
<testsuite hostname="LAPTOP-9A2GR1O3" failures="0" tests="1" name="testngpkg.Datadrivenprgm" time="16.802" errors="0" timestamp="2023-01-20T06:59:20 IST" skipped="0">
  <testcase classname="testngpkg.Datadrivenprgm" name="test1" time="16.802"/>
  <system-out/>
</testsuite> <!-- testngpkg.Datadrivenprgm -->
