<?xml version="1.0" encoding="UTF-8"?>
<!-- Generated by org.testng.reporters.JUnitReportReporter -->
<testsuite hostname="LAPTOP-9A2GR1O3" failures="0" tests="1" name="testngpkg.Parametrization" time="12.108" errors="0" timestamp="2023-01-17T07:54:57 IST" skipped="0">
  <testcase classname="testngpkg.Parametrization" name="test1" time="12.108"/>
  <system-out/>
</testsuite> <!-- testngpkg.Parametrization -->
