<?xml version="1.0" encoding="UTF-8"?>
<!-- Generated by org.testng.reporters.JUnitReportReporter -->
<testsuite hostname="LAPTOP-9A2GR1O3" failures="0" tests="1" name="testngpkg.Fileuploadprgm" time="11.876" errors="0" timestamp="2023-01-24T04:32:08 IST" skipped="0">
  <testcase classname="testngpkg.Fileuploadprgm" name="test1" time="11.876"/>
  <system-out/>
</testsuite> <!-- testngpkg.Fileuploadprgm -->
