<?xml version="1.0" encoding="UTF-8"?>
<!-- Generated by org.testng.reporters.JUnitReportReporter -->
<testsuite hostname="LAPTOP-9A2GR1O3" failures="0" tests="1" name="testngpkg.Draganddrop" time="8.781" errors="0" timestamp="2023-01-18T10:46:44 IST" skipped="0">
  <testcase classname="testngpkg.Draganddrop" name="test1" time="8.781"/>
  <system-out/>
</testsuite> <!-- testngpkg.Draganddrop -->
