<?xml version="1.0" encoding="UTF-8"?>
<!-- Generated by org.testng.reporters.JUnitReportReporter -->
<testsuite hostname="LAPTOP-9A2GR1O3" failures="0" tests="1" name="testngpkg.Actionclass" time="4.942" errors="0" timestamp="2023-01-18T10:11:35 IST" skipped="0">
  <testcase classname="testngpkg.Actionclass" name="test1" time="4.942"/>
  <system-out/>
</testsuite> <!-- testngpkg.Actionclass -->
